TN:
SF:src/App.jsx
FN:12,App
FNF:1
FNH:0
FNDA:0,App
DA:12,0
DA:14,0
DA:17,0
DA:21,0
DA:22,0
DA:25,0
DA:26,0
DA:28,0
DA:36,0
LF:9
LH:0
BRDA:12,0,0,0
BRDA:12,0,1,0
BRDA:17,1,0,0
BRDA:17,1,1,0
BRDA:21,2,0,0
BRDA:21,2,1,0
BRDA:22,3,0,0
BRDA:22,3,1,0
BRDA:25,4,0,0
BRDA:25,4,1,0
BRDA:26,5,0,0
BRDA:26,5,1,0
BRDA:28,6,0,0
BRDA:28,6,1,0
BRF:14
BRH:0
end_of_record
TN:
SF:src/components/Navbar.jsx
FN:26,(anonymous_0)
FN:32,(anonymous_1)
FN:38,(anonymous_2)
FN:61,(anonymous_3)
FN:107,(anonymous_4)
FN:130,(anonymous_5)
FN:134,(anonymous_6)
FNF:7
FNH:0
FNDA:0,(anonymous_0)
FNDA:0,(anonymous_1)
FNDA:0,(anonymous_2)
FNDA:0,(anonymous_3)
FNDA:0,(anonymous_4)
FNDA:0,(anonymous_5)
FNDA:0,(anonymous_6)
DA:5,0
DA:26,0
DA:27,0
DA:28,0
DA:29,0
DA:30,0
DA:32,0
DA:33,0
DA:34,0
DA:35,0
DA:36,0
DA:38,0
DA:40,0
DA:43,0
DA:44,0
DA:48,0
DA:57,0
DA:60,0
DA:61,0
DA:74,0
DA:75,0
DA:78,0
DA:79,0
DA:102,0
DA:103,0
DA:106,0
DA:107,0
DA:111,0
DA:119,0
DA:120,0
DA:123,0
DA:126,0
DA:130,0
DA:134,0
DA:173,0
DA:174,0
LF:36
LH:0
BRDA:30,0,0,0
BRDA:30,0,1,0
BRDA:30,1,0,0
BRDA:30,1,1,0
BRDA:36,2,0,0
BRDA:36,2,1,0
BRDA:38,3,0,0
BRDA:38,3,1,0
BRDA:40,4,0,0
BRDA:40,4,1,0
BRDA:40,5,0,0
BRDA:40,5,1,0
BRDA:57,6,0,0
BRDA:57,6,1,0
BRDA:66,7,0,0
BRDA:66,7,1,0
BRDA:74,8,0,0
BRDA:74,8,1,0
BRDA:75,9,0,0
BRDA:75,9,1,0
BRDA:75,10,0,0
BRDA:75,10,1,0
BRDA:75,10,2,0
BRDA:79,11,0,0
BRDA:79,11,1,0
BRDA:102,12,0,0
BRDA:102,12,1,0
BRDA:103,13,0,0
BRDA:103,13,1,0
BRDA:107,14,0,0
BRDA:107,14,1,0
BRDA:111,15,0,0
BRDA:111,15,1,0
BRDA:119,16,0,0
BRDA:119,16,1,0
BRDA:119,17,0,0
BRDA:119,17,1,0
BRDA:120,18,0,0
BRDA:120,18,1,0
BRDA:120,19,0,0
BRDA:120,19,1,0
BRDA:120,19,2,0
BRDA:123,20,0,0
BRDA:123,20,1,0
BRDA:123,21,0,0
BRDA:123,21,1,0
BRDA:123,21,2,0
BRDA:123,21,3,0
BRDA:123,21,4,0
BRDA:126,22,0,0
BRDA:126,22,1,0
BRDA:136,23,0,0
BRDA:136,23,1,0
BRDA:147,24,0,0
BRDA:147,24,1,0
BRDA:150,25,0,0
BRDA:150,25,1,0
BRDA:160,26,0,0
BRDA:160,26,1,0
BRDA:173,27,0,0
BRDA:173,27,1,0
BRDA:173,28,0,0
BRDA:173,28,1,0
BRF:63
BRH:0
end_of_record
TN:
SF:src/components/ProjectCard.jsx
FN:4,(anonymous_0)
FN:13,(anonymous_1)
FN:17,(anonymous_2)
FN:18,(anonymous_3)
FN:19,(anonymous_4)
FN:4,_temp
FNF:6
FNH:4
FNDA:15,(anonymous_0)
FNDA:8,(anonymous_1)
FNDA:7,(anonymous_2)
FNDA:0,(anonymous_3)
FNDA:7,(anonymous_4)
FNDA:0,_temp
DA:4,15
DA:5,15
DA:7,15
DA:9,15
DA:10,15
DA:11,15
DA:13,15
DA:14,8
DA:15,7
DA:16,7
DA:17,7
DA:18,7
DA:19,0
DA:20,7
DA:21,8
DA:23,15
DA:25,15
DA:27,15
DA:30,15
DA:33,8
DA:34,8
DA:35,8
DA:40,15
DA:42,7
DA:43,15
DA:44,15
DA:45,15
DA:46,7
DA:49,8
DA:50,15
DA:51,15
DA:54,8
DA:67,15
DA:70,8
DA:71,8
DA:72,15
DA:74,7
DA:75,8
DA:77,15
DA:78,15
DA:80,15
DA:81,8
DA:85,15
DA:86,15
DA:89,15
DA:97,15
DA:99,8
DA:101,15
DA:103,8
DA:138,15
DA:141,8
DA:144,8
DA:145,15
DA:146,15
DA:148,15
DA:151,8
DA:153,15
DA:154,15
DA:156,15
LF:59
LH:58
BRDA:5,0,0,0
BRDA:5,0,1,15
BRDA:5,1,0,0
BRDA:5,1,1,15
BRDA:5,2,0,8
BRDA:5,2,1,7
BRDA:5,3,0,15
BRDA:5,3,1,7
BRDA:7,4,0,8
BRDA:7,4,1,0
BRDA:11,5,0,8
BRDA:11,5,1,7
BRDA:14,6,0,1
BRDA:14,6,1,7
BRDA:23,7,0,15
BRDA:23,7,1,15
BRDA:25,8,0,0
BRDA:25,8,1,15
BRDA:25,9,0,15
BRDA:25,9,1,0
BRDA:27,10,0,0
BRDA:27,10,1,15
BRDA:27,11,0,8
BRDA:27,11,1,7
BRDA:40,12,0,8
BRDA:40,12,1,7
BRDA:44,13,0,0
BRDA:44,13,1,15
BRDA:44,14,0,8
BRDA:44,14,1,7
BRDA:44,15,0,15
BRDA:44,15,1,7
BRDA:45,16,0,8
BRDA:45,16,1,7
BRDA:45,17,0,15
BRDA:45,17,1,7
BRDA:50,18,0,15
BRDA:50,18,1,2
BRDA:50,19,0,8
BRDA:50,19,1,7
BRDA:51,20,0,8
BRDA:51,20,1,7
BRDA:54,21,0,8
BRDA:54,21,1,7
BRDA:67,22,0,8
BRDA:67,22,1,7
BRDA:72,23,0,8
BRDA:72,23,1,7
BRDA:78,24,0,8
BRDA:78,24,1,7
BRDA:78,25,0,8
BRDA:78,25,1,7
BRDA:78,26,0,15
BRDA:78,26,1,7
BRDA:80,27,0,8
BRDA:80,27,1,7
BRDA:80,28,0,15
BRDA:80,28,1,7
BRDA:80,28,2,7
BRDA:81,29,0,0
BRDA:81,29,1,8
BRDA:85,30,0,8
BRDA:85,30,1,7
BRDA:85,31,0,15
BRDA:85,31,1,7
BRDA:85,31,2,7
BRDA:86,32,0,15
BRDA:86,32,1,0
BRDA:89,33,0,15
BRDA:89,33,1,7
BRDA:97,34,0,8
BRDA:97,34,1,7
BRDA:99,35,0,8
BRDA:99,35,1,0
BRDA:101,36,0,8
BRDA:101,36,1,7
BRDA:103,37,0,8
BRDA:103,37,1,0
BRDA:103,37,2,0
BRDA:138,38,0,8
BRDA:138,38,1,7
BRDA:145,39,0,15
BRDA:145,39,1,1
BRDA:146,40,0,14
BRDA:146,40,1,1
BRDA:148,41,0,1
BRDA:148,41,1,14
BRDA:148,42,0,8
BRDA:148,42,1,7
BRDA:153,43,0,8
BRDA:153,43,1,7
BRDA:153,44,0,15
BRDA:153,44,1,7
BRDA:153,44,2,7
BRDA:154,45,0,15
BRDA:154,45,1,0
BRDA:154,46,0,15
BRDA:154,46,1,7
BRDA:154,46,2,7
BRDA:154,46,3,7
BRDA:154,46,4,7
BRDA:154,46,5,0
BRDA:154,46,6,0
BRDA:154,46,7,0
BRDA:114,47,0,0
BRDA:114,47,1,0
BRF:106
BRH:88
end_of_record
TN:
SF:src/components/ProtectedRoute.jsx
FN:5,(anonymous_0)
FNF:1
FNH:0
FNDA:0,(anonymous_0)
DA:5,0
DA:6,0
DA:7,0
LF:3
LH:0
BRDA:6,0,0,0
BRDA:6,0,1,0
BRDA:7,1,0,0
BRDA:7,1,1,0
BRF:4
BRH:0
end_of_record
TN:
SF:src/components/TaskCard.jsx
FN:9,(anonymous_0)
FN:60,(anonymous_1)
FN:70,(anonymous_2)
FNF:3
FNH:3
FNDA:10,(anonymous_0)
FNDA:2,(anonymous_1)
FNDA:1,(anonymous_2)
DA:3,1
DA:9,10
DA:10,10
DA:12,10
DA:13,10
DA:15,10
DA:17,0
DA:19,10
DA:22,10
DA:25,10
DA:26,10
DA:27,10
DA:32,10
DA:34,0
DA:35,10
DA:37,10
DA:38,10
DA:41,10
DA:44,10
DA:45,10
DA:46,10
DA:49,10
DA:50,10
DA:51,0
DA:52,10
DA:53,10
DA:54,10
DA:55,10
DA:58,10
DA:59,10
DA:60,10
DA:63,10
DA:66,10
DA:68,10
DA:69,10
DA:70,10
DA:73,10
DA:76,10
DA:78,10
DA:79,10
DA:81,10
LF:41
LH:38
BRDA:10,0,0,0
BRDA:10,0,1,10
BRDA:13,1,0,10
BRDA:13,1,1,0
BRDA:13,2,0,10
BRDA:13,2,1,0
BRDA:15,3,0,9
BRDA:15,3,1,1
BRDA:19,4,0,10
BRDA:19,4,1,9
BRDA:19,4,2,2
BRDA:19,5,0,10
BRDA:19,5,1,0
BRDA:32,6,0,10
BRDA:32,6,1,0
BRDA:35,7,0,10
BRDA:35,7,1,0
BRDA:35,8,0,10
BRDA:35,8,1,0
BRDA:37,9,0,10
BRDA:37,9,1,0
BRDA:37,10,0,10
BRDA:37,10,1,0
BRDA:38,11,0,10
BRDA:38,11,1,0
BRDA:46,12,0,1
BRDA:46,12,1,9
BRDA:46,13,0,10
BRDA:46,13,1,0
BRDA:50,14,0,10
BRDA:50,14,1,0
BRDA:52,15,0,1
BRDA:52,15,1,9
BRDA:53,16,0,1
BRDA:53,16,1,9
BRDA:53,17,0,10
BRDA:53,17,1,0
BRDA:53,18,0,10
BRDA:53,18,1,0
BRDA:53,18,2,0
BRDA:54,19,0,10
BRDA:54,19,1,0
BRDA:54,20,0,10
BRDA:54,20,1,0
BRDA:55,21,0,10
BRDA:55,21,1,0
BRDA:55,22,0,10
BRDA:55,22,1,0
BRDA:60,23,0,2
BRDA:60,23,1,1
BRDA:60,24,0,10
BRDA:60,24,1,0
BRDA:66,25,0,10
BRDA:66,25,1,0
BRDA:68,26,0,10
BRDA:68,26,1,0
BRDA:68,27,0,10
BRDA:68,27,1,0
BRDA:70,28,0,1
BRDA:70,28,1,1
BRDA:70,29,0,10
BRDA:70,29,1,0
BRDA:76,30,0,10
BRDA:76,30,1,0
BRDA:78,31,0,10
BRDA:78,31,1,0
BRDA:78,32,0,10
BRDA:78,32,1,0
BRDA:79,33,0,10
BRDA:79,33,1,0
BRDA:79,34,0,10
BRDA:79,34,1,0
BRDA:79,34,2,0
BRF:73
BRH:43
end_of_record
TN:
SF:src/context/AuthContext.jsx
FN:13,(anonymous_0)
FN:17,(anonymous_1)
FN:18,(anonymous_2)
FN:31,(anonymous_3)
FN:69,(anonymous_4)
FN:13,_temp
FNF:6
FNH:0
FNDA:0,(anonymous_0)
FNDA:0,(anonymous_1)
FNDA:0,(anonymous_2)
FNDA:0,(anonymous_3)
FNDA:0,(anonymous_4)
FNDA:0,_temp
DA:11,1
DA:13,1
DA:14,0
DA:15,0
DA:17,0
DA:18,0
DA:19,0
DA:20,0
DA:28,0
DA:30,0
DA:31,0
DA:32,0
DA:33,0
DA:35,0
DA:36,0
DA:37,0
DA:39,0
DA:40,0
DA:44,0
DA:49,0
DA:50,0
DA:51,0
DA:53,0
DA:54,0
DA:59,0
DA:64,0
DA:65,0
DA:66,0
DA:67,0
DA:69,0
DA:70,0
DA:71,0
DA:72,0
DA:75,0
DA:76,0
DA:77,0
LF:36
LH:2
BRDA:15,0,0,0
BRDA:15,0,1,0
BRDA:19,1,0,0
BRDA:19,1,1,0
BRDA:23,2,0,0
BRDA:23,2,1,0
BRDA:24,3,0,0
BRDA:24,3,1,0
BRDA:25,4,0,0
BRDA:25,4,1,0
BRDA:67,5,0,0
BRDA:67,5,1,0
BRDA:72,6,0,0
BRDA:72,6,1,0
BRDA:72,7,0,0
BRDA:72,7,1,0
BRDA:76,8,0,0
BRDA:76,8,1,0
BRDA:76,9,0,0
BRDA:76,9,1,0
BRDA:76,10,0,0
BRDA:76,10,1,0
BRDA:45,11,0,0
BRDA:45,11,1,0
BRDA:60,12,0,0
BRDA:60,12,1,0
BRDA:65,13,0,0
BRDA:65,13,1,0
BRF:28
BRH:0
end_of_record
TN:
SF:src/pages/Dashboard.jsx
FN:54,(anonymous_0)
FN:57,(anonymous_1)
FN:58,(anonymous_2)
FN:64,(anonymous_3)
FN:67,(anonymous_4)
FN:68,(anonymous_5)
FN:73,(anonymous_6)
FN:101,(anonymous_7)
FN:117,(anonymous_8)
FN:142,(anonymous_9)
FN:146,(anonymous_10)
FN:152,(anonymous_11)
FN:158,(anonymous_12)
FN:175,(anonymous_13)
FN:179,(anonymous_14)
FN:180,(anonymous_15)
FN:180,(anonymous_16)
FN:183,(anonymous_17)
FN:184,(anonymous_18)
FN:184,(anonymous_19)
FN:187,(anonymous_20)
FN:189,(anonymous_21)
FN:190,(anonymous_22)
FN:190,(anonymous_23)
FN:194,(anonymous_24)
FN:209,(anonymous_25)
FN:232,(anonymous_26)
FN:260,(anonymous_27)
FNF:28
FNH:0
FNDA:0,(anonymous_0)
FNDA:0,(anonymous_1)
FNDA:0,(anonymous_2)
FNDA:0,(anonymous_3)
FNDA:0,(anonymous_4)
FNDA:0,(anonymous_5)
FNDA:0,(anonymous_6)
FNDA:0,(anonymous_7)
FNDA:0,(anonymous_8)
FNDA:0,(anonymous_9)
FNDA:0,(anonymous_10)
FNDA:0,(anonymous_11)
FNDA:0,(anonymous_12)
FNDA:0,(anonymous_13)
FNDA:0,(anonymous_14)
FNDA:0,(anonymous_15)
FNDA:0,(anonymous_16)
FNDA:0,(anonymous_17)
FNDA:0,(anonymous_18)
FNDA:0,(anonymous_19)
FNDA:0,(anonymous_20)
FNDA:0,(anonymous_21)
FNDA:0,(anonymous_22)
FNDA:0,(anonymous_23)
FNDA:0,(anonymous_24)
FNDA:0,(anonymous_25)
FNDA:0,(anonymous_26)
FNDA:0,(anonymous_27)
DA:4,0
DA:6,0
DA:54,0
DA:55,0
DA:57,0
DA:58,0
DA:59,0
DA:61,0
DA:62,0
DA:64,0
DA:65,0
DA:67,0
DA:68,0
DA:71,0
DA:72,0
DA:73,0
DA:76,0
DA:81,0
DA:82,0
DA:83,0
DA:86,0
DA:87,0
DA:88,0
DA:90,0
DA:91,0
DA:93,0
DA:97,0
DA:98,0
DA:101,0
DA:109,0
DA:112,0
DA:113,0
DA:117,0
DA:120,0
DA:123,0
DA:124,0
DA:125,0
DA:130,0
DA:131,0
DA:135,0
DA:137,0
DA:139,0
DA:140,0
DA:142,0
DA:143,0
DA:146,0
DA:152,0
DA:158,0
DA:167,0
DA:168,0
DA:169,0
DA:170,0
DA:175,0
DA:176,0
DA:177,0
DA:179,0
DA:180,0
DA:181,0
DA:183,0
DA:184,0
DA:185,0
DA:187,0
DA:189,0
DA:190,0
DA:191,0
DA:192,0
DA:194,0
DA:195,0
DA:196,0
DA:199,0
DA:202,0
DA:205,0
DA:208,0
DA:209,0
DA:210,0
DA:214,0
DA:215,0
DA:219,0
DA:220,0
DA:223,0
DA:232,0
DA:260,0
DA:272,0
DA:274,0
LF:84
LH:0
BRDA:55,0,0,0
BRDA:55,0,1,0
BRDA:55,1,0,0
BRDA:55,1,1,0
BRDA:55,1,2,0
BRDA:59,2,0,0
BRDA:59,2,1,0
BRDA:62,3,0,0
BRDA:62,3,1,0
BRDA:62,4,0,0
BRDA:62,4,1,0
BRDA:62,4,2,0
BRDA:65,5,0,0
BRDA:65,5,1,0
BRDA:65,6,0,0
BRDA:65,6,1,0
BRDA:65,6,2,0
BRDA:68,7,0,0
BRDA:68,7,1,0
BRDA:73,8,0,0
BRDA:73,8,1,0
BRDA:83,9,0,0
BRDA:83,9,1,0
BRDA:83,10,0,0
BRDA:83,10,1,0
BRDA:86,11,0,0
BRDA:86,11,1,0
BRDA:87,12,0,0
BRDA:87,12,1,0
BRDA:87,13,0,0
BRDA:87,13,1,0
BRDA:92,14,0,0
BRDA:92,14,1,0
BRDA:93,15,0,0
BRDA:93,15,1,0
BRDA:98,16,0,0
BRDA:98,16,1,0
BRDA:98,17,0,0
BRDA:98,17,1,0
BRDA:101,18,0,0
BRDA:101,18,1,0
BRDA:101,19,0,0
BRDA:101,19,1,0
BRDA:109,20,0,0
BRDA:109,20,1,0
BRDA:113,21,0,0
BRDA:113,21,1,0
BRDA:113,22,0,0
BRDA:113,22,1,0
BRDA:117,23,0,0
BRDA:117,23,1,0
BRDA:117,24,0,0
BRDA:117,24,1,0
BRDA:120,25,0,0
BRDA:120,25,1,0
BRDA:130,26,0,0
BRDA:130,26,1,0
BRDA:137,27,0,0
BRDA:137,27,1,0
BRDA:139,28,0,0
BRDA:139,28,1,0
BRDA:139,29,0,0
BRDA:139,29,1,0
BRDA:140,30,0,0
BRDA:140,30,1,0
BRDA:140,31,0,0
BRDA:140,31,1,0
BRDA:140,31,2,0
BRDA:140,32,0,0
BRDA:140,32,1,0
BRDA:156,33,0,0
BRDA:156,33,1,0
BRDA:167,34,0,0
BRDA:167,34,1,0
BRDA:167,35,0,0
BRDA:167,35,1,0
BRDA:168,36,0,0
BRDA:168,36,1,0
BRDA:168,37,0,0
BRDA:168,37,1,0
BRDA:168,37,2,0
BRDA:168,37,3,0
BRDA:169,38,0,0
BRDA:169,38,1,0
BRDA:169,39,0,0
BRDA:169,39,1,0
BRDA:177,40,0,0
BRDA:177,40,1,0
BRDA:180,41,0,0
BRDA:180,41,1,0
BRDA:181,42,0,0
BRDA:181,42,1,0
BRDA:185,43,0,0
BRDA:185,43,1,0
BRDA:187,44,0,0
BRDA:187,44,1,0
BRDA:190,45,0,0
BRDA:190,45,1,0
BRDA:192,46,0,0
BRDA:192,46,1,0
BRDA:196,47,0,0
BRDA:196,47,1,0
BRDA:205,48,0,0
BRDA:205,48,1,0
BRDA:205,49,0,0
BRDA:205,49,1,0
BRDA:214,50,0,0
BRDA:214,50,1,0
BRDA:215,51,0,0
BRDA:215,51,1,0
BRDA:219,52,0,0
BRDA:219,52,1,0
BRDA:219,53,0,0
BRDA:219,53,1,0
BRDA:220,54,0,0
BRDA:220,54,1,0
BRDA:220,55,0,0
BRDA:220,55,1,0
BRDA:220,55,2,0
BRDA:223,56,0,0
BRDA:223,56,1,0
BRDA:272,57,0,0
BRDA:272,57,1,0
BRDA:272,58,0,0
BRDA:272,58,1,0
BRF:125
BRH:0
end_of_record
TN:
SF:src/pages/Home.jsx
FN:33,(anonymous_0)
FN:38,(anonymous_1)
FN:42,(anonymous_2)
FN:46,(anonymous_3)
FN:52,(anonymous_4)
FN:57,(anonymous_5)
FN:167,(anonymous_6)
FN:33,_temp
FNF:8
FNH:0
FNDA:0,(anonymous_0)
FNDA:0,(anonymous_1)
FNDA:0,(anonymous_2)
FNDA:0,(anonymous_3)
FNDA:0,(anonymous_4)
FNDA:0,(anonymous_5)
FNDA:0,(anonymous_6)
FNDA:0,_temp
DA:4,0
DA:31,0
DA:33,0
DA:34,0
DA:35,0
DA:36,0
DA:38,0
DA:39,0
DA:40,0
DA:41,0
DA:42,0
DA:43,0
DA:45,0
DA:46,0
DA:47,0
DA:48,0
DA:50,0
DA:52,0
DA:53,0
DA:54,0
DA:55,0
DA:57,0
DA:58,0
DA:59,0
DA:60,0
DA:61,0
DA:65,0
DA:66,0
DA:68,0
DA:71,0
DA:74,0
DA:88,0
DA:91,0
DA:92,0
DA:95,0
DA:97,0
DA:100,0
DA:101,0
DA:102,0
DA:107,0
DA:108,0
DA:109,0
DA:110,0
DA:113,0
DA:114,0
DA:115,0
DA:120,0
DA:121,0
DA:122,0
DA:123,0
DA:124,0
DA:127,0
DA:128,0
DA:129,0
DA:138,0
DA:139,0
DA:140,0
DA:141,0
DA:143,0
DA:153,0
DA:155,0
DA:158,0
DA:159,0
DA:160,0
DA:165,0
DA:166,0
DA:167,0
DA:168,0
DA:169,0
DA:170,0
DA:171,0
DA:173,0
LF:72
LH:0
BRDA:35,0,0,0
BRDA:35,0,1,0
BRDA:36,1,0,0
BRDA:36,1,1,0
BRDA:36,2,0,0
BRDA:36,2,1,0
BRDA:36,2,2,0
BRDA:36,2,3,0
BRDA:40,3,0,0
BRDA:40,3,1,0
BRDA:42,4,0,0
BRDA:42,4,1,0
BRDA:45,5,0,0
BRDA:45,5,1,0
BRDA:46,6,0,0
BRDA:46,6,1,0
BRDA:46,7,0,0
BRDA:46,7,1,0
BRDA:46,8,0,0
BRDA:46,8,1,0
BRDA:50,9,0,0
BRDA:50,9,1,0
BRDA:50,10,0,0
BRDA:50,10,1,0
BRDA:55,11,0,0
BRDA:55,11,1,0
BRDA:55,12,0,0
BRDA:55,12,1,0
BRDA:55,12,2,0
BRDA:60,13,0,0
BRDA:60,13,1,0
BRDA:68,14,0,0
BRDA:68,14,1,0
BRDA:88,15,0,0
BRDA:88,15,1,0
BRDA:95,16,0,0
BRDA:95,16,1,0
BRDA:107,17,0,0
BRDA:107,17,1,0
BRDA:107,18,0,0
BRDA:107,18,1,0
BRDA:107,19,0,0
BRDA:107,19,1,0
BRDA:107,19,2,0
BRDA:108,20,0,0
BRDA:108,20,1,0
BRDA:109,21,0,0
BRDA:109,21,1,0
BRDA:109,22,0,0
BRDA:109,22,1,0
BRDA:109,23,0,0
BRDA:109,23,1,0
BRDA:110,24,0,0
BRDA:110,24,1,0
BRDA:120,25,0,0
BRDA:120,25,1,0
BRDA:120,26,0,0
BRDA:120,26,1,0
BRDA:120,27,0,0
BRDA:120,27,1,0
BRDA:120,27,2,0
BRDA:121,28,0,0
BRDA:121,28,1,0
BRDA:122,29,0,0
BRDA:122,29,1,0
BRDA:122,30,0,0
BRDA:122,30,1,0
BRDA:122,31,0,0
BRDA:122,31,1,0
BRDA:123,32,0,0
BRDA:123,32,1,0
BRDA:123,33,0,0
BRDA:123,33,1,0
BRDA:124,34,0,0
BRDA:124,34,1,0
BRDA:138,35,0,0
BRDA:138,35,1,0
BRDA:138,36,0,0
BRDA:138,36,1,0
BRDA:138,37,0,0
BRDA:138,37,1,0
BRDA:138,37,2,0
BRDA:139,38,0,0
BRDA:139,38,1,0
BRDA:140,39,0,0
BRDA:140,39,1,0
BRDA:140,40,0,0
BRDA:140,40,1,0
BRDA:140,41,0,0
BRDA:140,41,1,0
BRDA:141,42,0,0
BRDA:141,42,1,0
BRDA:153,43,0,0
BRDA:153,43,1,0
BRDA:153,44,0,0
BRDA:153,44,1,0
BRDA:153,44,2,0
BRDA:155,45,0,0
BRDA:155,45,1,0
BRDA:160,46,0,0
BRDA:160,46,1,0
BRDA:165,47,0,0
BRDA:165,47,1,0
BRDA:165,48,0,0
BRDA:165,48,1,0
BRDA:169,49,0,0
BRDA:169,49,1,0
BRDA:170,50,0,0
BRDA:170,50,1,0
BRDA:170,51,0,0
BRDA:170,51,1,0
BRDA:171,52,0,0
BRDA:171,52,1,0
BRDA:171,53,0,0
BRDA:171,53,1,0
BRF:115
BRH:0
end_of_record
TN:
SF:src/pages/Login.jsx
FN:5,(anonymous_0)
FN:14,(anonymous_1)
FN:16,(anonymous_2)
FN:51,(anonymous_3)
FN:62,(anonymous_4)
FN:105,(anonymous_5)
FNF:6
FNH:4
FNDA:11,(anonymous_0)
FNDA:2,(anonymous_1)
FNDA:2,(anonymous_2)
FNDA:0,(anonymous_3)
FNDA:1,(anonymous_4)
FNDA:0,(anonymous_5)
DA:5,11
DA:6,11
DA:7,11
DA:8,11
DA:9,11
DA:10,11
DA:12,11
DA:14,11
DA:16,11
DA:17,2
DA:18,2
DA:19,2
DA:21,1
DA:22,1
DA:23,0
DA:24,0
DA:26,0
DA:27,0
DA:29,0
DA:30,11
DA:33,11
DA:37,6
DA:45,11
DA:48,7
DA:49,7
DA:51,6
DA:52,11
DA:56,11
DA:59,11
DA:60,7
DA:62,6
DA:63,11
DA:67,11
DA:70,11
DA:71,11
DA:73,11
DA:75,9
DA:76,8
DA:77,11
DA:83,11
DA:84,8
DA:85,11
DA:91,3
DA:93,7
DA:97,11
DA:98,11
DA:99,2
DA:101,7
DA:102,11
DA:103,7
DA:105,7
DA:108,11
DA:109,11
DA:110,11
DA:113,6
DA:117,11
DA:120,6
DA:128,11
DA:131,11
LF:59
LH:54
BRDA:8,0,0,6
BRDA:8,0,1,5
BRDA:12,1,0,0
BRDA:12,1,1,11
BRDA:12,2,0,0
BRDA:12,2,1,0
BRDA:12,3,0,8
BRDA:12,3,1,3
BRDA:14,4,0,9
BRDA:14,4,1,2
BRDA:14,5,0,11
BRDA:14,5,1,4
BRDA:14,5,2,3
BRDA:14,5,3,3
BRDA:14,5,4,2
BRDA:14,5,5,2
BRDA:19,6,0,1
BRDA:19,6,1,1
BRDA:19,7,0,2
BRDA:19,7,1,1
BRDA:21,8,0,1
BRDA:21,8,1,0
BRDA:22,9,0,1
BRDA:22,9,1,0
BRDA:24,10,0,0
BRDA:24,10,1,0
BRDA:27,11,0,0
BRDA:27,11,1,0
BRDA:30,12,0,6
BRDA:30,12,1,5
BRDA:45,13,0,6
BRDA:45,13,1,5
BRDA:53,14,0,7
BRDA:53,14,1,4
BRDA:56,15,0,7
BRDA:56,15,1,4
BRDA:59,16,0,6
BRDA:59,16,1,5
BRDA:64,17,0,4
BRDA:64,17,1,7
BRDA:67,18,0,7
BRDA:67,18,1,4
BRDA:70,19,0,7
BRDA:70,19,1,4
BRDA:70,20,0,11
BRDA:70,20,1,4
BRDA:71,21,0,8
BRDA:71,21,1,3
BRDA:73,22,0,8
BRDA:73,22,1,2
BRDA:73,23,0,6
BRDA:73,23,1,5
BRDA:77,24,0,8
BRDA:77,24,1,3
BRDA:77,25,0,11
BRDA:77,25,1,4
BRDA:83,26,0,6
BRDA:83,26,1,5
BRDA:85,27,0,8
BRDA:85,27,1,3
BRDA:85,28,0,11
BRDA:85,28,1,4
BRDA:97,29,0,7
BRDA:97,29,1,4
BRDA:97,30,0,7
BRDA:97,30,1,4
BRDA:98,31,0,9
BRDA:98,31,1,2
BRDA:98,32,0,11
BRDA:98,32,1,2
BRDA:98,32,2,2
BRDA:98,32,3,2
BRDA:102,33,0,7
BRDA:102,33,1,4
BRDA:102,34,0,7
BRDA:102,34,1,4
BRDA:105,35,0,0
BRDA:105,35,1,0
BRDA:108,36,0,7
BRDA:108,36,1,4
BRDA:108,37,0,7
BRDA:108,37,1,4
BRDA:108,38,0,11
BRDA:108,38,1,4
BRDA:109,39,0,7
BRDA:109,39,1,4
BRDA:109,40,0,11
BRDA:109,40,1,4
BRDA:110,41,0,6
BRDA:110,41,1,5
BRDA:117,42,0,6
BRDA:117,42,1,5
BRDA:128,43,0,11
BRDA:128,43,1,0
BRDA:128,44,0,11
BRDA:128,44,1,4
BRDA:128,44,2,2
BRDA:128,44,3,0
BRF:98
BRH:85
end_of_record
TN:
SF:src/pages/NotFound.jsx
FN:3,(anonymous_0)
FNF:1
FNH:0
FNDA:0,(anonymous_0)
DA:3,0
DA:4,0
DA:20,0
LF:3
LH:0
BRDA:3,0,0,0
BRDA:3,0,1,0
BRF:2
BRH:0
end_of_record
TN:
SF:src/pages/SocialAuth.jsx
FN:5,(anonymous_0)
FN:13,(anonymous_1)
FN:48,(anonymous_2)
FN:70,(anonymous_3)
FNF:4
FNH:0
FNDA:0,(anonymous_0)
FNDA:0,(anonymous_1)
FNDA:0,(anonymous_2)
FNDA:0,(anonymous_3)
DA:5,0
DA:6,0
DA:7,0
DA:8,0
DA:9,0
DA:11,0
DA:13,0
DA:14,0
DA:15,0
DA:16,0
DA:17,0
DA:18,0
DA:20,0
DA:22,0
DA:26,0
DA:48,0
DA:70,0
LF:17
LH:0
BRDA:11,0,0,0
BRDA:11,0,1,0
BRDA:20,1,0,0
BRDA:20,1,1,0
BRDA:44,2,0,0
BRDA:44,2,1,0
BRDA:52,3,0,0
BRDA:52,3,1,0
BRDA:62,4,0,0
BRDA:62,4,1,0
BRDA:74,5,0,0
BRDA:74,5,1,0
BRDA:87,6,0,0
BRDA:87,6,1,0
BRF:14
BRH:0
end_of_record
TN:
SF:src/services/githubService.js
FN:9,parseRepoUrl
FN:14,fetchContributorStats
FN:18,(anonymous_2)
FN:25,fetchRepoProgress
FN:32,(anonymous_4)
FN:36,(anonymous_5)
FN:42,(anonymous_6)
FNF:7
FNH:6
FNDA:6,parseRepoUrl
FNDA:4,fetchContributorStats
FNDA:0,(anonymous_2)
FNDA:6,fetchRepoProgress
FNDA:5,(anonymous_4)
FNDA:5,(anonymous_5)
FNDA:2,(anonymous_6)
DA:1,1
DA:2,1
DA:4,1
DA:10,6
DA:11,6
DA:15,4
DA:16,4
DA:17,4
DA:18,4
DA:19,4
DA:20,4
DA:22,0
DA:26,6
DA:27,6
DA:29,4
DA:30,4
DA:32,5
DA:33,3
DA:35,3
DA:36,5
DA:42,2
DA:44,3
LF:22
LH:21
BRDA:2,0,0,1
BRDA:2,0,1,0
BRDA:6,1,0,0
BRDA:6,1,1,1
BRDA:11,2,0,4
BRDA:11,2,1,2
BRDA:14,3,0,4
BRDA:18,4,0,0
BRDA:18,4,1,4
BRDA:19,5,0,0
BRDA:19,5,1,4
BRDA:25,6,0,6
BRDA:27,7,0,2
BRDA:27,7,1,4
BRDA:30,8,0,1
BRDA:30,8,1,3
BRDA:32,9,0,5
BRDA:32,9,1,0
BRDA:37,10,0,5
BRDA:37,10,1,0
BRDA:38,11,0,5
BRDA:38,11,1,0
BRDA:39,12,0,5
BRDA:39,12,1,0
BRDA:40,13,0,5
BRDA:40,13,1,0
BRDA:40,14,0,5
BRDA:40,14,1,0
BRF:28
BRH:18
end_of_record
